<?xml version="1.0" encoding="UTF-8"?>
<!-- Generated by org.testng.reporters.JUnitXMLReporter -->
<testsuite ignored="0" hostname="NIPIN" failures="0" tests="7" name="Default test" time="28.238" errors="0" timestamp="2023-05-10T11:55:04 IST">
  <testcase classname="orangehrmtest.Orangehrm" name="launch_website" time="0.905"/>
  <testcase classname="orangehrmtest.Orangehrm" name="enter_username_and_password" time="5.146"/>
  <testcase classname="orangehrmtest.Orangehrm" name="click_loginbutton" time="1.241"/>
  <testcase classname="orangehrmtest.Orangehrm" name="navigating_to_PIM" time="7.21"/>
  <testcase classname="orangehrmtest.Orangehrm" name="navigating_to_Add_Employee" time="5.068"/>
  <testcase classname="orangehrmtest.Orangehrm" name="entering_employee_details" time="5.133"/>
  <testcase classname="orangehrmtest.Orangehrm" name="clicking_save_button" time="0.267"/>
</testsuite> <!-- Default test -->
