<?xml version="1.0" encoding="UTF-8"?>
<testng-results ignored="0" total="7" passed="7" failed="0" skipped="0">
  <reporter-output>
  </reporter-output>
  <suite started-at="2023-05-10T11:54:36 IST" name="Default suite" finished-at="2023-05-10T11:55:04 IST" duration-ms="28238">
    <groups>
    </groups>
    <test started-at="2023-05-10T11:54:36 IST" name="Default test" finished-at="2023-05-10T11:55:04 IST" duration-ms="28238">
      <class name="orangehrmtest.Orangehrm">
        <test-method is-config="true" signature="launch_browser()[pri:0, instance:orangehrmtest.Orangehrm@27ff5d15]" started-at="2023-05-10T11:54:36 IST" name="launch_browser" finished-at="2023-05-10T11:54:39 IST" duration-ms="3228" status="PASS">
          <reporter-output>
          </reporter-output>
        </test-method> <!-- launch_browser -->
        <test-method signature="launch_website()[pri:1, instance:orangehrmtest.Orangehrm@27ff5d15]" started-at="2023-05-10T11:54:39 IST" name="launch_website" finished-at="2023-05-10T11:54:40 IST" duration-ms="905" status="PASS">
          <reporter-output>
          </reporter-output>
        </test-method> <!-- launch_website -->
        <test-method signature="enter_username_and_password()[pri:2, instance:orangehrmtest.Orangehrm@27ff5d15]" started-at="2023-05-10T11:54:40 IST" name="enter_username_and_password" finished-at="2023-05-10T11:54:45 IST" duration-ms="5146" status="PASS">
          <reporter-output>
          </reporter-output>
        </test-method> <!-- enter_username_and_password -->
        <test-method signature="click_loginbutton()[pri:3, instance:orangehrmtest.Orangehrm@27ff5d15]" started-at="2023-05-10T11:54:45 IST" name="click_loginbutton" finished-at="2023-05-10T11:54:47 IST" duration-ms="1241" status="PASS">
          <reporter-output>
          </reporter-output>
        </test-method> <!-- click_loginbutton -->
        <test-method signature="navigating_to_PIM()[pri:4, instance:orangehrmtest.Orangehrm@27ff5d15]" started-at="2023-05-10T11:54:47 IST" name="navigating_to_PIM" finished-at="2023-05-10T11:54:54 IST" duration-ms="7210" status="PASS">
          <reporter-output>
          </reporter-output>
        </test-method> <!-- navigating_to_PIM -->
        <test-method signature="navigating_to_Add_Employee()[pri:5, instance:orangehrmtest.Orangehrm@27ff5d15]" started-at="2023-05-10T11:54:54 IST" name="navigating_to_Add_Employee" finished-at="2023-05-10T11:54:59 IST" duration-ms="5068" status="PASS">
          <reporter-output>
          </reporter-output>
        </test-method> <!-- navigating_to_Add_Employee -->
        <test-method signature="entering_employee_details()[pri:6, instance:orangehrmtest.Orangehrm@27ff5d15]" started-at="2023-05-10T11:54:59 IST" name="entering_employee_details" finished-at="2023-05-10T11:55:04 IST" duration-ms="5133" status="PASS">
          <reporter-output>
          </reporter-output>
        </test-method> <!-- entering_employee_details -->
        <test-method signature="clicking_save_button()[pri:7, instance:orangehrmtest.Orangehrm@27ff5d15]" started-at="2023-05-10T11:55:04 IST" name="clicking_save_button" finished-at="2023-05-10T11:55:04 IST" duration-ms="267" status="PASS">
          <reporter-output>
          </reporter-output>
        </test-method> <!-- clicking_save_button -->
      </class> <!-- orangehrmtest.Orangehrm -->
    </test> <!-- Default test -->
  </suite> <!-- Default suite -->
</testng-results>
